[14Dec2024 00:00:00.537] [Server thread/INFO] [net.minecraft.server.MinecraftServer/]: [Cpicoy: Teleported Esaulinho to Cpicoy]
[14Dec2024 00:02:49.167] [Server thread/WARN] [net.minecraft.server.MinecraftServer/]: Can't keep up! Is the server overloaded? Running 2009ms or 40 ticks behind
[14Dec2024 00:03:11.841] [Server thread/WARN] [net.minecraft.server.MinecraftServer/]: Can't keep up! Is the server overloaded? Running 7683ms or 153 ticks behind
[14Dec2024 00:03:32.131] [Server thread/WARN] [net.minecraft.server.MinecraftServer/]: Can't keep up! Is the server overloaded? Running 5323ms or 106 ticks behind
[14Dec2024 00:03:54.144] [Server thread/WARN] [net.minecraft.server.MinecraftServer/]: Can't keep up! Is the server overloaded? Running 7036ms or 140 ticks behind
[14Dec2024 00:04:16.265] [Server thread/WARN] [net.minecraft.server.MinecraftServer/]: Can't keep up! Is the server overloaded? Running 7157ms or 143 ticks behind
[14Dec2024 00:04:18.245] [Server thread/WARN] [net.minecraft.server.network.ServerGamePacketListenerImpl/]: Golbez (vehicle of wizzel) moved wrongly! 0.8314929069269752
[14Dec2024 00:04:18.333] [Server thread/WARN] [net.minecraft.server.network.ServerGamePacketListenerImpl/]: Golbez (vehicle of wizzel) moved wrongly! 2.051786660840314
[14Dec2024 00:04:36.306] [Server thread/WARN] [net.minecraft.server.MinecraftServer/]: Can't keep up! Is the server overloaded? Running 5048ms or 100 ticks behind
[14Dec2024 00:04:51.511] [Server thread/INFO] [net.minecraft.server.MinecraftServer/]: Sr.C4BO fell from a high place
[14Dec2024 00:04:56.237] [Server thread/WARN] [net.minecraft.server.network.ServerGamePacketListenerImpl/]: Golbez (vehicle of wizzel) moved too quickly! 0.5461089745514869,-6.272931431020666,-7.959815898138913
[14Dec2024 00:04:56.238] [Server thread/WARN] [net.minecraft.server.network.ServerGamePacketListenerImpl/]: Milo (vehicle of Esaulinho) moved too quickly! 0.47689880009247787,2.781787495701707,10.121327970318362
[14Dec2024 00:04:56.240] [Server thread/WARN] [net.minecraft.server.network.ServerGamePacketListenerImpl/]: Golbez (vehicle of wizzel) moved too quickly! 0.704475384184633,-7.202847538056801,-8.705349555313433
[14Dec2024 00:04:56.241] [Server thread/WARN] [net.minecraft.server.network.ServerGamePacketListenerImpl/]: Golbez (vehicle of wizzel) moved too quickly! 0.8767831968969944,-8.172770986131667,-9.432940029430142
[14Dec2024 00:04:56.241] [Server thread/WARN] [net.minecraft.server.network.ServerGamePacketListenerImpl/]: Milo (vehicle of Esaulinho) moved too quickly! 0.5117604490621872,2.6203327058088917,10.86064221582015
[14Dec2024 00:04:56.244] [Server thread/WARN] [net.minecraft.server.network.ServerGamePacketListenerImpl/]: Golbez (vehicle of wizzel) moved too quickly! 1.061523953233717,-9.181117485287956,-10.14452877243474
[14Dec2024 00:04:56.244] [Server thread/WARN] [net.minecraft.server.network.ServerGamePacketListenerImpl/]: Milo (vehicle of Esaulinho) moved too quickly! 0.5451605371022836,2.38843952108256,11.568908178810574
[14Dec2024 00:04:57.944] [Server thread/WARN] [net.minecraft.server.MinecraftServer/]: Can't keep up! Is the server overloaded? Running 6686ms or 133 ticks behind
[14Dec2024 00:05:00.767] [Server thread/INFO] [net.minecraft.server.MinecraftServer/]: Esaulinho has made the advancement [You Are A Pirate]
[14Dec2024 00:05:11.114] [Server thread/INFO] [net.minecraft.server.MinecraftServer/]: [Cpicoy: Teleported Sr.C4BO to Cpicoy]
[14Dec2024 00:05:12.100] [Server thread/INFO] [net.minecraft.server.MinecraftServer/]: Sr.C4BO has made the advancement [Tastes Like Chicken]
[14Dec2024 00:05:19.756] [Server thread/WARN] [net.minecraft.server.MinecraftServer/]: Can't keep up! Is the server overloaded? Running 6848ms or 136 ticks behind
[14Dec2024 00:05:31.175] [Server thread/WARN] [net.minecraft.server.network.ServerGamePacketListenerImpl/]: Golbez (vehicle of wizzel) moved wrongly! 0.31500825281648304
[14Dec2024 00:05:31.236] [Server thread/WARN] [net.minecraft.server.network.ServerGamePacketListenerImpl/]: Golbez (vehicle of wizzel) moved wrongly! 0.8997841795425074
[14Dec2024 00:05:31.311] [Server thread/WARN] [net.minecraft.server.network.ServerGamePacketListenerImpl/]: Golbez (vehicle of wizzel) moved wrongly! 2.336917573132723
[14Dec2024 00:05:31.315] [Server thread/WARN] [net.minecraft.server.network.ServerGamePacketListenerImpl/]: Golbez (vehicle of wizzel) moved wrongly! 1.345772596489951
[14Dec2024 00:05:43.399] [Server thread/WARN] [net.minecraft.server.MinecraftServer/]: Can't keep up! Is the server overloaded? Running 8691ms or 173 ticks behind
[14Dec2024 00:05:52.878] [Server thread/WARN] [net.minecraft.server.network.ServerGamePacketListenerImpl/]: Golbez (vehicle of wizzel) moved wrongly! 0.29894480958682834
[14Dec2024 00:05:53.190] [Server thread/WARN] [net.minecraft.server.network.ServerGamePacketListenerImpl/]: Golbez (vehicle of wizzel) moved wrongly! 0.9902565002317942
[14Dec2024 00:05:53.473] [Server thread/WARN] [net.minecraft.server.network.ServerGamePacketListenerImpl/]: Golbez (vehicle of wizzel) moved wrongly! 0.9448730535779077
[14Dec2024 00:05:54.150] [Server thread/WARN] [net.minecraft.server.network.ServerGamePacketListenerImpl/]: Golbez (vehicle of wizzel) moved wrongly! 0.3645281336645212
[14Dec2024 00:05:54.295] [Server thread/WARN] [net.minecraft.server.network.ServerGamePacketListenerImpl/]: Golbez (vehicle of wizzel) moved wrongly! 1.6504647807403217
[14Dec2024 00:05:54.296] [Server thread/WARN] [net.minecraft.server.network.ServerGamePacketListenerImpl/]: Golbez (vehicle of wizzel) moved wrongly! 2.9848188745610287
[14Dec2024 00:05:54.629] [Server thread/WARN] [net.minecraft.server.network.ServerGamePacketListenerImpl/]: Golbez (vehicle of wizzel) moved wrongly! 0.26348719394316333
[14Dec2024 00:05:54.630] [Server thread/WARN] [net.minecraft.server.network.ServerGamePacketListenerImpl/]: Golbez (vehicle of wizzel) moved wrongly! 0.26348719394316333
[14Dec2024 00:06:16.237] [Server thread/WARN] [net.minecraft.server.MinecraftServer/]: Can't keep up! Is the server overloaded? Running 17879ms or 357 ticks behind
[14Dec2024 00:06:38.516] [Server thread/INFO] [net.minecraft.server.MinecraftServer/]: Pierooo has made the advancement [Tastes Like Chicken]
[14Dec2024 00:06:50.531] [Server thread/INFO] [net.minecraft.server.MinecraftServer/]: Esaulinho hit the ground too hard
[14Dec2024 00:06:53.621] [Server thread/WARN] [net.minecraft.server.MinecraftServer/]: Can't keep up! Is the server overloaded? Running 22413ms or 448 ticks behind
[14Dec2024 00:07:02.825] [Server thread/WARN] [net.minecraft.server.network.ServerGamePacketListenerImpl/]: Golbez (vehicle of wizzel) moved wrongly! 0.4158748280317468
[14Dec2024 00:07:02.956] [Server thread/WARN] [net.minecraft.server.network.ServerGamePacketListenerImpl/]: Golbez (vehicle of wizzel) moved wrongly! 1.0462617065254562
[14Dec2024 00:07:02.972] [Server thread/WARN] [net.minecraft.server.network.ServerGamePacketListenerImpl/]: Golbez (vehicle of wizzel) moved wrongly! 0.5947356828946795
[14Dec2024 00:07:03.081] [Server thread/WARN] [net.minecraft.server.network.ServerGamePacketListenerImpl/]: Golbez (vehicle of wizzel) moved wrongly! 1.384504737870543
[14Dec2024 00:07:03.090] [Server thread/WARN] [net.minecraft.server.level.ServerPlayerGameMode/]: Mismatch in destroy block pos: BlockPos{x=-304, y=64, z=-1913} BlockPos{x=-305, y=62, z=-1914}
[14Dec2024 00:07:03.284] [Server thread/WARN] [net.minecraft.server.network.ServerGamePacketListenerImpl/]: Golbez (vehicle of wizzel) moved wrongly! 0.5711216493900793
[14Dec2024 00:07:03.286] [Server thread/WARN] [net.minecraft.server.network.ServerGamePacketListenerImpl/]: Golbez (vehicle of wizzel) moved wrongly! 1.1840746333887182
[14Dec2024 00:07:03.295] [Server thread/WARN] [net.minecraft.server.network.ServerGamePacketListenerImpl/]: Golbez (vehicle of wizzel) moved wrongly! 1.7381440518569207
[14Dec2024 00:07:03.303] [Server thread/WARN] [net.minecraft.server.network.ServerGamePacketListenerImpl/]: Golbez (vehicle of wizzel) moved wrongly! 2.0
[14Dec2024 00:07:03.888] [Server thread/INFO] [net.minecraft.server.MinecraftServer/]: mosey has made the advancement [Tastes Like Chicken]
[14Dec2024 00:07:32.077] [Server thread/WARN] [net.minecraft.server.MinecraftServer/]: Can't keep up! Is the server overloaded? Running 23470ms or 469 ticks behind
[14Dec2024 00:08:10.492] [Server thread/WARN] [net.minecraft.server.MinecraftServer/]: Can't keep up! Is the server overloaded? Running 23434ms or 468 ticks behind
[14Dec2024 00:08:47.577] [Server thread/WARN] [net.minecraft.server.MinecraftServer/]: Can't keep up! Is the server overloaded? Running 22119ms or 442 ticks behind
[14Dec2024 00:09:07.392] [Server thread/INFO] [net.minecraft.server.players.PlayerList/]: tuforwi[/127.141.214.252:33259] logged in with entity id 167666 at (388.196036933353, 103.30000000000001, -2251.5900681593876)
[14Dec2024 00:09:07.412] [Server thread/INFO] [net.minecraft.server.MinecraftServer/]: tuforwi joined the game
[14Dec2024 00:09:08.478] [Server thread/WARN] [net.minecraft.server.network.ServerGamePacketListenerImpl/]: Golbez (vehicle of wizzel) moved too quickly! 5.176660483350556,-4.471682148501685,-8.524987748227204
[14Dec2024 00:09:22.856] [Server thread/WARN] [net.minecraft.server.MinecraftServer/]: Can't keep up! Is the server overloaded? Running 20299ms or 405 ticks behind
[14Dec2024 00:09:24.334] [Server thread/WARN] [net.minecraft.server.network.ServerGamePacketListenerImpl/]: Golbez (vehicle of wizzel) moved wrongly! 0.9867627792449573
[14Dec2024 00:09:24.339] [Server thread/WARN] [net.minecraft.server.network.ServerGamePacketListenerImpl/]: Golbez (vehicle of wizzel) moved wrongly! 2.4917668385597915
[14Dec2024 00:09:24.438] [Server thread/WARN] [net.minecraft.server.network.ServerGamePacketListenerImpl/]: Golbez (vehicle of wizzel) moved wrongly! 3.9177963408171634
[14Dec2024 00:09:24.441] [Server thread/WARN] [net.minecraft.server.network.ServerGamePacketListenerImpl/]: Golbez (vehicle of wizzel) moved wrongly! 5.329155336045508
[14Dec2024 00:09:24.542] [Server thread/WARN] [net.minecraft.server.network.ServerGamePacketListenerImpl/]: Golbez (vehicle of wizzel) moved wrongly! 6.748170594717603
[14Dec2024 00:09:43.948] [Server thread/INFO] [net.minecraft.server.MinecraftServer/]: Cpicoy has completed the challenge [The End... of the Beginning]
[14Dec2024 00:09:58.273] [Server thread/WARN] [net.minecraft.server.MinecraftServer/]: Can't keep up! Is the server overloaded? Running 20465ms or 409 ticks behind
[14Dec2024 00:10:34.051] [Server thread/WARN] [net.minecraft.server.MinecraftServer/]: Can't keep up! Is the server overloaded? Running 20793ms or 415 ticks behind
[14Dec2024 00:10:34.359] [Server thread/WARN] [net.minecraft.server.network.ServerGamePacketListenerImpl/]: Golbez (vehicle of wizzel) moved wrongly! 0.3535569882153595
[14Dec2024 00:10:34.360] [Server thread/WARN] [net.minecraft.server.network.ServerGamePacketListenerImpl/]: Golbez (vehicle of wizzel) moved wrongly! 1.3256862117517443
[14Dec2024 00:10:34.366] [Server thread/WARN] [net.minecraft.server.network.ServerGamePacketListenerImpl/]: Golbez (vehicle of wizzel) moved wrongly! 2.682833302741496
[14Dec2024 00:10:34.369] [Server thread/WARN] [net.minecraft.server.network.ServerGamePacketListenerImpl/]: Golbez (vehicle of wizzel) moved wrongly! 4.119245059059344
[14Dec2024 00:10:34.465] [Server thread/WARN] [net.minecraft.server.network.ServerGamePacketListenerImpl/]: Golbez (vehicle of wizzel) moved wrongly! 5.575689007442844
[14Dec2024 00:10:34.470] [Server thread/WARN] [net.minecraft.server.network.ServerGamePacketListenerImpl/]: Golbez (vehicle of wizzel) moved wrongly! 0.8276614621233875
[14Dec2024 00:11:06.233] [Server thread/WARN] [net.minecraft.server.MinecraftServer/]: Can't keep up! Is the server overloaded? Running 17226ms or 344 ticks behind
[14Dec2024 00:11:21.529] [Server thread/INFO] [net.minecraft.server.MinecraftServer/]: [Cpicoy: Teleported tuforwi to Cpicoy]
[14Dec2024 00:11:21.750] [Server thread/WARN] [net.minecraft.server.network.ServerGamePacketListenerImpl/]: tuforwi moved too quickly! 329.90205575122786,3.8778391323769767,-350.732270174213
[14Dec2024 00:11:52.566] [Server thread/WARN] [net.minecraft.server.MinecraftServer/]: Can't keep up! Is the server overloaded? Running 2008ms or 40 ticks behind
[14Dec2024 00:11:56.866] [Server thread/WARN] [net.minecraft.server.network.ServerGamePacketListenerImpl/]: Golbez (vehicle of wizzel) moved wrongly! 0.4374789483906625
[14Dec2024 00:11:56.951] [Server thread/WARN] [net.minecraft.server.network.ServerGamePacketListenerImpl/]: Golbez (vehicle of wizzel) moved wrongly! 1.6897712160737228
[14Dec2024 00:11:56.955] [Server thread/WARN] [net.minecraft.server.network.ServerGamePacketListenerImpl/]: Golbez (vehicle of wizzel) moved wrongly! 2.5470321047180278
[14Dec2024 00:12:16.099] [Server thread/WARN] [net.minecraft.server.MinecraftServer/]: Can't keep up! Is the server overloaded? Running 8541ms or 170 ticks behind
[14Dec2024 00:12:27.916] [Server thread/WARN] [net.minecraft.server.network.ServerGamePacketListenerImpl/]: Golbez (vehicle of wizzel) moved wrongly! 0.3087531987073362
[14Dec2024 00:12:27.990] [Server thread/WARN] [net.minecraft.server.network.ServerGamePacketListenerImpl/]: Golbez (vehicle of wizzel) moved wrongly! 0.9629778652208643
[14Dec2024 00:12:28.903] [Server thread/INFO] [net.minecraft.server.MinecraftServer/]: [Cpicoy: Teleported Esaulinho to wizzel]
[14Dec2024 00:12:34.060] [Server thread/WARN] [net.minecraft.server.MinecraftServer/]: Can't keep up! Is the server overloaded? Running 3002ms or 60 ticks behind
[14Dec2024 00:12:34.880] [Server thread/WARN] [net.minecraft.server.network.ServerGamePacketListenerImpl/]: Golbez (vehicle of wizzel) moved wrongly! 1.0224374317390357
[14Dec2024 00:12:34.916] [Server thread/WARN] [net.minecraft.server.network.ServerGamePacketListenerImpl/]: Golbez (vehicle of wizzel) moved wrongly! 1.61640116891067
[14Dec2024 00:12:34.965] [Server thread/WARN] [net.minecraft.server.network.ServerGamePacketListenerImpl/]: Golbez (vehicle of wizzel) moved wrongly! 1.9342193223119466
[14Dec2024 00:13:27.003] [Server thread/INFO] [net.minecraft.server.MinecraftServer/]: Esaulinho fell from a high place
[14Dec2024 00:14:02.405] [Server thread/INFO] [net.minecraft.server.MinecraftServer/]: mosey has made the advancement [Alex's Caves]
[14Dec2024 00:14:03.129] [Server thread/WARN] [net.minecraft.server.MinecraftServer/]: Can't keep up! Is the server overloaded? Running 2021ms or 40 ticks behind
[14Dec2024 00:14:41.507] [Server thread/WARN] [net.minecraft.server.MinecraftServer/]: Can't keep up! Is the server overloaded? Running 2050ms or 41 ticks behind
[14Dec2024 00:14:59.068] [Server thread/WARN] [net.minecraft.server.MinecraftServer/]: Can't keep up! Is the server overloaded? Running 2560ms or 51 ticks behind
[14Dec2024 00:15:19.435] [Server thread/WARN] [net.minecraft.server.MinecraftServer/]: Can't keep up! Is the server overloaded? Running 2027ms or 40 ticks behind
[14Dec2024 00:15:26.800] [Server thread/INFO] [net.minecraft.server.MinecraftServer/]: tuforwi was slain by Luxtructosaurus
[14Dec2024 00:15:26.814] [Server thread/INFO] [net.minecraft.server.MinecraftServer/]: Esaulinho was slain by Luxtructosaurus
[14Dec2024 00:15:37.424] [Server thread/WARN] [net.minecraft.server.MinecraftServer/]: Can't keep up! Is the server overloaded? Running 3017ms or 60 ticks behind
[14Dec2024 00:15:57.542] [Server thread/WARN] [net.minecraft.server.MinecraftServer/]: Can't keep up! Is the server overloaded? Running 5134ms or 102 ticks behind
[14Dec2024 00:16:07.872] [Worker-Main-1/WARN] [net.minecraft.server.level.WorldGenRegion/]: Tried to access a block entity before it was created. BlockPos{x=-423, y=-5, z=751}
[14Dec2024 00:16:14.591] [Worker-Main-10/WARN] [net.minecraft.server.level.WorldGenRegion/]: Tried to access a block entity before it was created. BlockPos{x=-686, y=25, z=448}
[14Dec2024 00:16:18.759] [Server thread/WARN] [net.minecraft.server.MinecraftServer/]: Can't keep up! Is the server overloaded? Running 6252ms or 125 ticks behind
[14Dec2024 00:16:28.621] [Server thread/INFO] [net.minecraft.server.MinecraftServer/]: [Cpicoy: Teleported tuforwi to Cpicoy]
[14Dec2024 00:16:33.104] [Server thread/INFO] [net.minecraft.server.MinecraftServer/]: tuforwi was slain by Luxtructosaurus
[14Dec2024 00:16:37.342] [Server thread/WARN] [net.minecraft.server.MinecraftServer/]: Can't keep up! Is the server overloaded? Running 3585ms or 71 ticks behind
[14Dec2024 00:16:55.355] [Server thread/WARN] [net.minecraft.server.MinecraftServer/]: Can't keep up! Is the server overloaded? Running 3047ms or 60 ticks behind
[14Dec2024 00:17:00.416] [Server thread/INFO] [net.minecraft.server.MinecraftServer/]: tuforwi was slain by Luxtructosaurus
[14Dec2024 00:17:06.710] [Server thread/INFO] [net.minecraft.server.network.ServerGamePacketListenerImpl/]: wizzel lost connection: Disconnected
[14Dec2024 00:17:06.711] [Server thread/INFO] [net.minecraft.server.MinecraftServer/]: wizzel left the game
[14Dec2024 00:17:13.359] [Server thread/WARN] [net.minecraft.server.MinecraftServer/]: Can't keep up! Is the server overloaded? Running 3051ms or 61 ticks behind
[14Dec2024 00:17:31.695] [Server thread/INFO] [net.minecraft.server.players.PlayerList/]: wizzel[/127.111.206.36:54917] logged in with entity id 181072 at (225.81801416756875, 66.30000000000001, -1960.1732588535172)
[14Dec2024 00:17:31.721] [Server thread/INFO] [net.minecraft.server.MinecraftServer/]: wizzel joined the game
[14Dec2024 00:17:36.376] [Server thread/WARN] [net.minecraft.server.MinecraftServer/]: Can't keep up! Is the server overloaded? Running 8018ms or 160 ticks behind
[14Dec2024 00:17:55.877] [Server thread/WARN] [net.minecraft.server.MinecraftServer/]: Can't keep up! Is the server overloaded? Running 4519ms or 90 ticks behind
[14Dec2024 00:17:59.500] [Server thread/INFO] [net.minecraft.server.MinecraftServer/]: [Cpicoy: Teleported tuforwi to Cpicoy]
[14Dec2024 00:18:08.219] [Server thread/INFO] [net.minecraft.server.MinecraftServer/]: tuforwi was slain by Tremorsaurus
[14Dec2024 00:18:13.511] [Server thread/INFO] [net.minecraft.server.MinecraftServer/]: Sr.C4BO was burnt to a crisp whilst fighting Pierooo
[14Dec2024 00:18:13.764] [Server thread/WARN] [net.minecraft.server.MinecraftServer/]: Can't keep up! Is the server overloaded? Running 2906ms or 58 ticks behind
[14Dec2024 00:18:17.747] [Server thread/INFO] [net.minecraft.server.network.ServerGamePacketListenerImpl/]: Esaulinho lost connection: Timed out
[14Dec2024 00:18:17.748] [Server thread/INFO] [net.minecraft.server.MinecraftServer/]: Esaulinho left the game
[14Dec2024 00:18:26.243] [Server thread/INFO] [net.minecraft.server.MinecraftServer/]: [Cpicoy: Teleported tuforwi to Cpicoy]
[14Dec2024 00:18:30.891] [Server thread/WARN] [net.minecraft.server.MinecraftServer/]: Can't keep up! Is the server overloaded? Running 2133ms or 42 ticks behind
[14Dec2024 00:18:44.818] [Server thread/INFO] [net.minecraft.server.MinecraftServer/]: tuforwi was slain by Tremorsaurus
[14Dec2024 00:18:49.587] [Server thread/WARN] [net.minecraft.server.MinecraftServer/]: Can't keep up! Is the server overloaded? Running 3729ms or 74 ticks behind
[14Dec2024 00:19:07.107] [Server thread/INFO] [net.minecraft.server.MinecraftServer/]: [Cpicoy: Teleported tuforwi to Cpicoy]
[14Dec2024 00:19:07.869] [Server thread/WARN] [net.minecraft.server.MinecraftServer/]: Can't keep up! Is the server overloaded? Running 3312ms or 66 ticks behind
[14Dec2024 00:19:17.106] [Server thread/INFO] [net.minecraft.server.MinecraftServer/]: [Cpicoy: Banned Sr.C4BO: Banned by an operator.]
[14Dec2024 00:19:17.151] [Server thread/INFO] [net.minecraft.server.network.ServerGamePacketListenerImpl/]: Sr.C4BO lost connection: You are banned from this server
[14Dec2024 00:19:17.151] [Server thread/INFO] [net.minecraft.server.MinecraftServer/]: Sr.C4BO left the game
[14Dec2024 00:19:30.028] [Server thread/INFO] [net.minecraft.server.players.PlayerList/]: dazzleryf[/127.120.32.115:40169] logged in with entity id 184208 at (-213.7920878686419, 71.60438495814849, -1809.5177324329327)
[14Dec2024 00:19:30.036] [Server thread/INFO] [net.minecraft.server.MinecraftServer/]: dazzleryf joined the game
[14Dec2024 00:19:35.049] [Server thread/INFO] [net.minecraft.server.MinecraftServer/]: [Cpicoy: Unbanned Sr.C4BO]
[14Dec2024 00:19:44.389] [Server thread/INFO] [net.minecraft.server.MinecraftServer/]: [Not Secure] <dazzleryf> cinthia perra
[14Dec2024 00:19:45.709] [Server thread/WARN] [net.minecraft.server.MinecraftServer/]: Can't keep up! Is the server overloaded? Running 2002ms or 40 ticks behind
[14Dec2024 00:20:10.133] [Server thread/WARN] [net.minecraft.server.MinecraftServer/]: Can't keep up! Is the server overloaded? Running 9425ms or 188 ticks behind
[14Dec2024 00:20:17.769] [Server thread/WARN] [net.minecraft.server.network.ServerGamePacketListenerImpl/]: Aki (vehicle of dazzleryf) moved wrongly! 0.4373329647445861
[14Dec2024 00:20:19.910] [Server thread/INFO] [net.minecraft.server.network.ServerGamePacketListenerImpl/]: dazzleryf lost connection: Disconnected
[14Dec2024 00:20:19.910] [Server thread/INFO] [net.minecraft.server.MinecraftServer/]: dazzleryf left the game
[14Dec2024 00:20:27.487] [Server thread/WARN] [net.minecraft.server.MinecraftServer/]: Can't keep up! Is the server overloaded? Running 2379ms or 47 ticks behind
[14Dec2024 00:21:19.928] [Server thread/INFO] [net.minecraft.server.MinecraftServer/]: tuforwi was slain by Tremorsaurus
[14Dec2024 00:21:23.840] [Server thread/WARN] [net.minecraft.server.level.ServerPlayerGameMode/]: Mismatch in destroy block pos: BlockPos{x=0, y=0, z=0} BlockPos{x=-63, y=63, z=-66}
[14Dec2024 00:21:23.891] [Server thread/WARN] [net.minecraft.server.level.ServerPlayerGameMode/]: Mismatch in destroy block pos: BlockPos{x=0, y=0, z=0} BlockPos{x=-63, y=63, z=-66}
[14Dec2024 00:21:24.346] [Server thread/WARN] [net.minecraft.server.level.ServerPlayerGameMode/]: Mismatch in destroy block pos: BlockPos{x=0, y=0, z=0} BlockPos{x=-66, y=63, z=-62}
[14Dec2024 00:21:24.401] [Server thread/WARN] [net.minecraft.server.level.ServerPlayerGameMode/]: Mismatch in destroy block pos: BlockPos{x=0, y=0, z=0} BlockPos{x=-65, y=63, z=-62}
[14Dec2024 00:21:24.449] [Server thread/WARN] [net.minecraft.server.level.ServerPlayerGameMode/]: Mismatch in destroy block pos: BlockPos{x=0, y=0, z=0} BlockPos{x=-65, y=63, z=-62}
[14Dec2024 00:21:24.502] [Server thread/WARN] [net.minecraft.server.level.ServerPlayerGameMode/]: Mismatch in destroy block pos: BlockPos{x=0, y=0, z=0} BlockPos{x=-66, y=63, z=-61}
[14Dec2024 00:21:24.548] [Server thread/WARN] [net.minecraft.server.level.ServerPlayerGameMode/]: Mismatch in destroy block pos: BlockPos{x=0, y=0, z=0} BlockPos{x=-66, y=63, z=-61}
[14Dec2024 00:21:24.602] [Server thread/WARN] [net.minecraft.server.level.ServerPlayerGameMode/]: Mismatch in destroy block pos: BlockPos{x=0, y=0, z=0} BlockPos{x=-66, y=63, z=-61}
[14Dec2024 00:21:24.805] [Server thread/WARN] [net.minecraft.server.level.ServerPlayerGameMode/]: Mismatch in destroy block pos: BlockPos{x=0, y=0, z=0} BlockPos{x=-67, y=64, z=-61}
[14Dec2024 00:21:24.844] [Server thread/WARN] [net.minecraft.server.level.ServerPlayerGameMode/]: Mismatch in destroy block pos: BlockPos{x=0, y=0, z=0} BlockPos{x=-67, y=64, z=-61}
[14Dec2024 00:21:24.894] [Server thread/WARN] [net.minecraft.server.level.ServerPlayerGameMode/]: Mismatch in destroy block pos: BlockPos{x=0, y=0, z=0} BlockPos{x=-67, y=64, z=-61}
[14Dec2024 00:21:24.943] [Server thread/WARN] [net.minecraft.server.level.ServerPlayerGameMode/]: Mismatch in destroy block pos: BlockPos{x=0, y=0, z=0} BlockPos{x=-67, y=64, z=-61}
[14Dec2024 00:21:24.997] [Server thread/WARN] [net.minecraft.server.level.ServerPlayerGameMode/]: Mismatch in destroy block pos: BlockPos{x=0, y=0, z=0} BlockPos{x=-67, y=64, z=-61}
[14Dec2024 00:21:25.049] [Server thread/WARN] [net.minecraft.server.level.ServerPlayerGameMode/]: Mismatch in destroy block pos: BlockPos{x=0, y=0, z=0} BlockPos{x=-67, y=64, z=-61}
[14Dec2024 00:21:30.141] [Server thread/INFO] [net.minecraft.server.MinecraftServer/]: Cpicoy has made the advancement [Hot Stuff]
[14Dec2024 00:21:42.709] [Server thread/INFO] [net.minecraft.server.MinecraftServer/]: [Cpicoy: Teleported tuforwi to Cpicoy]
[14Dec2024 00:22:09.225] [Server thread/WARN] [net.minecraft.server.MinecraftServer/]: Can't keep up! Is the server overloaded? Running 2017ms or 40 ticks behind
[14Dec2024 00:22:33.003] [Server thread/WARN] [net.minecraft.server.MinecraftServer/]: Can't keep up! Is the server overloaded? Running 8795ms or 175 ticks behind
[14Dec2024 00:22:54.973] [Server thread/WARN] [net.minecraft.server.MinecraftServer/]: Can't keep up! Is the server overloaded? Running 7015ms or 140 ticks behind
[14Dec2024 00:23:09.304] [Server thread/INFO] [net.minecraft.server.network.ServerGamePacketListenerImpl/]: wizzel lost connection: Disconnected
[14Dec2024 00:23:09.305] [Server thread/INFO] [net.minecraft.server.MinecraftServer/]: wizzel left the game
[14Dec2024 00:23:12.809] [Server thread/WARN] [net.minecraft.server.MinecraftServer/]: Can't keep up! Is the server overloaded? Running 2851ms or 57 ticks behind
[14Dec2024 00:23:26.830] [Server thread/INFO] [net.minecraft.server.MinecraftServer/]: tuforwi has made the advancement [Re-Extinct]
[14Dec2024 00:24:02.884] [Server thread/INFO] [net.minecraft.server.MinecraftServer/]: tuforwi has made the advancement [Tastes Like Chicken]
[14Dec2024 00:25:49.245] [Server thread/INFO] [net.minecraft.server.players.PlayerList/]: Esaulinho[/127.53.2.146:55319] logged in with entity id 194838 at (-59.51763867872051, 66.92159999847412, -1934.144430946807)
[14Dec2024 00:25:49.253] [Server thread/INFO] [net.minecraft.server.MinecraftServer/]: Esaulinho joined the game
[14Dec2024 00:25:50.085] [Server thread/INFO] [net.minecraft.server.network.ServerGamePacketListenerImpl/]: Pierooo lost connection: Disconnected
[14Dec2024 00:25:50.086] [Server thread/INFO] [net.minecraft.server.MinecraftServer/]: Pierooo left the game
[14Dec2024 00:26:00.593] [Server thread/INFO] [net.minecraft.server.MinecraftServer/]: Esaulinho fell from a high place
[14Dec2024 00:26:47.733] [Server thread/INFO] [net.minecraft.server.network.ServerGamePacketListenerImpl/]: Esaulinho lost connection: Disconnected
[14Dec2024 00:26:47.733] [Server thread/INFO] [net.minecraft.server.MinecraftServer/]: Esaulinho left the game
[14Dec2024 00:28:01.228] [Server thread/INFO] [net.minecraft.server.network.ServerGamePacketListenerImpl/]: tuforwi lost connection: Disconnected
[14Dec2024 00:28:01.229] [Server thread/INFO] [net.minecraft.server.MinecraftServer/]: tuforwi left the game
[14Dec2024 00:29:50.728] [Server thread/INFO] [net.minecraft.server.network.ServerGamePacketListenerImpl/]: mosey lost connection: Disconnected
[14Dec2024 00:29:50.728] [Server thread/INFO] [net.minecraft.server.MinecraftServer/]: mosey left the game
